<?xml version="1.0" encoding="UTF-8"?>
<!-- Generated by org.testng.reporters.JUnitReportReporter -->
<testsuite hostname="DESKTOP-RJ" failures="0" tests="1" name="testNGExamples.Testcase2" time="0.009" errors="0" timestamp="2021-07-30T10:50:22 IST" skipped="0">
  <testcase classname="testNGExamples.Testcase2" name="InsuranceTest" time="0.009"/>
  <system-out/>
</testsuite> <!-- testNGExamples.Testcase2 -->
