<?xml version="1.0" encoding="UTF-8"?>
<!-- Generated by org.testng.reporters.JUnitReportReporter -->
<testsuite hostname="DESKTOP-RJ" failures="0" tests="1" name="test.LoginTest" time="18.473" errors="0" timestamp="2021-07-30T14:47:39 IST" skipped="0">
  <testcase classname="test.LoginTest" name="Testcase1" time="18.473"/>
  <system-out/>
</testsuite> <!-- test.LoginTest -->
