<?xml version="1.0" encoding="UTF-8"?>
<!-- Generated by org.testng.reporters.JUnitReportReporter -->
<testsuite hostname="DESKTOP-RJ" failures="0" tests="3" name="testNGExamples.Testcase1" time="0.014" errors="0" timestamp="2021-07-26T11:00:00 IST" skipped="0">
  <testcase classname="testNGExamples.Testcase1" name="CreditCardTest" time="0.004"/>
  <system-out/>
  <testcase classname="testNGExamples.Testcase1" name="LoanTest1" time="0.003"/>
  <system-out/>
  <testcase classname="testNGExamples.Testcase1" name="LoanTest" time="0.007"/>
  <system-out/>
</testsuite> <!-- testNGExamples.Testcase1 -->
